0 info it worked if it ends with ok
1 verbose cli [ 'C:\\Program Files\\nodejs\\node.exe',
1 verbose cli   'C:\\Program Files\\nodejs\\node_modules\\npm\\bin\\npm-cli.js',
1 verbose cli   'start' ]
2 info using npm@3.10.10
3 info using node@v6.9.4
4 verbose run-script [ 'prestart', 'start', 'poststart' ]
5 info lifecycle ionic-nodejs-todo@0.0.0~prestart: ionic-nodejs-todo@0.0.0
6 silly lifecycle ionic-nodejs-todo@0.0.0~prestart: no script for prestart, continuing
7 info lifecycle ionic-nodejs-todo@0.0.0~start: ionic-nodejs-todo@0.0.0
8 verbose lifecycle ionic-nodejs-todo@0.0.0~start: unsafe-perm in lifecycle true
9 verbose lifecycle ionic-nodejs-todo@0.0.0~start: PATH: C:\Program Files\nodejs\node_modules\npm\bin\node-gyp-bin;C:\wamp64\www\ionic-nodejs-todo\node_modules\.bin;C:\Windows\system32;C:\Windows;C:\Windows\System32\Wbem;C:\Windows\System32\WindowsPowerShell\v1.0\;C:\Program Files (x86)\ATI Technologies\ATI.ACE\Core-Static;C:\Program Files\Git\cmd;C:\Program Files\nodejs\;C:\wamp64\bin\php\php5.6.25;C:\ProgramData\ComposerSetup\bin;C:\Program Files (x86)\Skype\Phone\;C:\Users\keval\AppData\Local\Programs\Python\Python36-32;C:\Users\keval\AppData\Local\Programs\Python\Python36-32\Scripts;C:\Users\keval\AppData\Roaming\Python\Python36\Scripts;C:\Users\keval\AppData\Roaming\npm;C:\Users\keval\AppData\Roaming\Composer\vendor\bin;C:\Program Files (x86)\Microsoft VS Code\bin;C:\OpenSSL\bin;C:\Users\keval\AppData\Roaming\Dashlane\4.8.1.32550\bin\Firefox_Extension\{442718d9-475e-452a-b3e1-fb1ee16b8e9f}\components;C:\Users\keval\AppData\Roaming\Dashlane\4.8.1.32550\ucrt
10 verbose lifecycle ionic-nodejs-todo@0.0.0~start: CWD: C:\wamp64\www\ionic-nodejs-todo
11 silly lifecycle ionic-nodejs-todo@0.0.0~start: Args: [ '/d /s /c', 'node ./bin/www' ]
12 silly lifecycle ionic-nodejs-todo@0.0.0~start: Returned: code: 1  signal: null
13 info lifecycle ionic-nodejs-todo@0.0.0~start: Failed to exec start script
14 verbose stack Error: ionic-nodejs-todo@0.0.0 start: `node ./bin/www`
14 verbose stack Exit status 1
14 verbose stack     at EventEmitter.<anonymous> (C:\Program Files\nodejs\node_modules\npm\lib\utils\lifecycle.js:255:16)
14 verbose stack     at emitTwo (events.js:106:13)
14 verbose stack     at EventEmitter.emit (events.js:191:7)
14 verbose stack     at ChildProcess.<anonymous> (C:\Program Files\nodejs\node_modules\npm\lib\utils\spawn.js:40:14)
14 verbose stack     at emitTwo (events.js:106:13)
14 verbose stack     at ChildProcess.emit (events.js:191:7)
14 verbose stack     at maybeClose (internal/child_process.js:877:16)
14 verbose stack     at Process.ChildProcess._handle.onexit (internal/child_process.js:226:5)
15 verbose pkgid ionic-nodejs-todo@0.0.0
16 verbose cwd C:\wamp64\www\ionic-nodejs-todo
17 error Windows_NT 6.3.9600
18 error argv "C:\\Program Files\\nodejs\\node.exe" "C:\\Program Files\\nodejs\\node_modules\\npm\\bin\\npm-cli.js" "start"
19 error node v6.9.4
20 error npm  v3.10.10
21 error code ELIFECYCLE
22 error ionic-nodejs-todo@0.0.0 start: `node ./bin/www`
22 error Exit status 1
23 error Failed at the ionic-nodejs-todo@0.0.0 start script 'node ./bin/www'.
23 error Make sure you have the latest version of node.js and npm installed.
23 error If you do, this is most likely a problem with the ionic-nodejs-todo package,
23 error not with npm itself.
23 error Tell the author that this fails on your system:
23 error     node ./bin/www
23 error You can get information on how to open an issue for this project with:
23 error     npm bugs ionic-nodejs-todo
23 error Or if that isn't available, you can get their info via:
23 error     npm owner ls ionic-nodejs-todo
23 error There is likely additional logging output above.
24 verbose exit [ 1, true ]
